Active-HDL 15.0.261.9132 2025-01-14 00:45:55

Elaboration top modules:
Verilog Module                breadboard


-------------------------------------------------------------------------------------------
Verilog Module          | Library | Info | Compiler Version          | Compilation Options
-------------------------------------------------------------------------------------------
breadboard              | evm     |      | 15.0.261.9132 (Windows64) | -O2 -sv2k17
clock                   | evm     |      | 15.0.261.9132 (Windows64) | -O2 -sv2k17
memory_control_unit     | evm     |      | 15.0.261.9132 (Windows64) | -O2 -sv2k17
comparator_4bit         | evm     |      | 15.0.261.9132 (Windows64) | -O2 -sv2k17
adder_4bit              | evm     |      | 15.0.261.9132 (Windows64) | -O2 -sv2k17
full_adder              | evm     |      | 15.0.261.9132 (Windows64) | -O2 -sv2k17
-------------------------------------------------------------------------------------------

-------------------------------------------------------------------------------------------
Library                 | Comment
-------------------------------------------------------------------------------------------
evm                     | None
-------------------------------------------------------------------------------------------


Simulation Options: asim -O5 +access +r +m+breadboard breadboard


The performance of simulation is reduced. Version Student Edition
